--------------- Build Started: 06/13/2021 13:12:28 Project: PracticaPulso, Configuration: ARM GCC 5.4-2016-q2-update Debug ---------------
cydsfit.exe -.appdatapath "C:\Users\david\AppData\Local\Cypress Semiconductor\PSoC Creator\4.4" -.fdsnotice -.fdswarpdepfile=warp_dependencies.txt -.fdselabdepfile=elab_dependencies.txt -.fdsbldfile=generated_files.txt -.fdsreffile=referenced_files.txt -p C:\Users\david\Downloads\PracticaPulso.cywrk.Archive03\PracticaPulso\PracticaPulso.cydsn\PracticaPulso.cyprj -d CY8C5888LTI-LP097 -s C:\Users\david\Downloads\PracticaPulso.cywrk.Archive03\PracticaPulso\PracticaPulso.cydsn\Generated_Source\PSoC5 -- -yv2 -q10 -ygs -o2 -v3 -.fftcfgtype=LE
Elaborating Design...
HDL Generation...
Synthesis...
Tech Mapping...
Analog Placement...
Log: apr.M0058: The analog placement iterative improvement is 30% done. (App=cydsfit)
Log: apr.M0058: The analog placement iterative improvement is 53% done. (App=cydsfit)
Log: apr.M0058: The analog placement iterative improvement is 79% done. (App=cydsfit)
Analog Routing...
Analog Code Generation...
Warning: apr.M0042: Bonded pin(s) "P3[3]" are not used in your current design but have been connected in order to route the design. (App=cydsfit)
Digital Placement...
Digital Routing...
Bitstream Generation...
Bitstream Verification...
Static timing analysis...
API Generation...
Dependency Generation...
Cleanup...
--------------- Build Skipped: 06/13/2021 13:12:57 ---------------
